2018-08-24 09:32:03,231  INFO [main] c.k.p.PointsApplication:logStarting:50 - Starting PointsApplication on DESKTOP-DKMTUNR with PID 10160 (D:\project\reward-points\target\classes started by admin in D:\project\reward-points)
2018-08-24 09:32:03,237  INFO [main] c.k.p.PointsApplication:logStartupProfileInfo:663 - The following profiles are active: dev
2018-08-24 09:32:03,355  INFO [main] o.s.b.w.s.c.AnnotationConfigServletWebServerApplicationContext:prepareRefresh:590 - Refreshing org.springframework.boot.web.servlet.context.AnnotationConfigServletWebServerApplicationContext@10aa41f2: startup date [Fri Aug 24 09:32:03 CST 2018]; root of context hierarchy
2018-08-24 09:32:05,051  WARN [main] t.m.s.m.ClassPathMapperScanner:doScan:142 - No MyBatis mapper was found in '[cn.koboro.points]' package. Please check your configuration.
2018-08-24 09:32:05,076  WARN [main] o.m.s.m.ClassPathMapperScanner:doScan:166 - No MyBatis mapper was found in '[cn.koboro.points]' package. Please check your configuration.
2018-08-24 09:32:05,741  INFO [main] o.s.c.s.PostProcessorRegistrationDelegate$BeanPostProcessorChecker:postProcessAfterInitialization:328 - Bean 'org.springframework.ws.config.annotation.DelegatingWsConfiguration' of type [org.springframework.ws.config.annotation.DelegatingWsConfiguration$$EnhancerBySpringCGLIB$$e28c8afa] is not eligible for getting processed by all BeanPostProcessors (for example: not eligible for auto-proxying)
2018-08-24 09:32:05,916  INFO [main] o.s.w.s.a.s.AnnotationActionEndpointMapping:afterPropertiesSet:236 - Supporting [WS-Addressing August 2004, WS-Addressing 1.0]
2018-08-24 09:32:06,677  INFO [main] o.s.b.w.e.t.TomcatWebServer:initialize:91 - Tomcat initialized with port(s): 8083 (http)
2018-08-24 09:32:06,730  INFO [main] o.a.c.h.Http11NioProtocol:log:180 - Initializing ProtocolHandler ["http-nio-8083"]
2018-08-24 09:32:06,740  INFO [main] o.a.c.c.StandardService:log:180 - Starting service [Tomcat]
2018-08-24 09:32:06,740  INFO [main] o.a.c.c.StandardEngine:log:180 - Starting Servlet Engine: Apache Tomcat/8.5.31
2018-08-24 09:32:06,775  INFO [localhost-startStop-1] o.a.c.c.AprLifecycleListener:log:180 - The APR based Apache Tomcat Native library which allows optimal performance in production environments was not found on the java.library.path: [C:\Program Files\Java\jdk1.8.0_101\bin;C:\WINDOWS\Sun\Java\bin;C:\WINDOWS\system32;C:\WINDOWS;C:\ProgramData\Oracle\Java\javapath;C:\Program Files (x86)\Intel\iCLS Client\;C:\Program Files\Intel\iCLS Client\;C:\WINDOWS\system32;C:\WINDOWS;C:\WINDOWS\System32\Wbem;C:\WINDOWS\System32\WindowsPowerShell\v1.0\;C:\Program Files (x86)\Intel\Intel(R) Management Engine Components\DAL;C:\Program Files\Intel\Intel(R) Management Engine Components\DAL;C:\Program Files (x86)\Intel\Intel(R) Management Engine Components\IPT;C:\Program Files\Intel\Intel(R) Management Engine Components\IPT;C:\Program Files (x86)\Java\jdk1.7.0_13\bin;C:\Program Files (x86)\Java\jdk1.7.0_13\jre\bin;C:\Program Files\TortoiseGit\bin;C:\Program Files\Git\cmd;D:\im\redis;;C:\WINDOWS\System32\OpenSSH\;C:\Users\lijw\AppData\Local\Microsoft\WindowsApps;D:\软件\Fiddler;D:\workSoft\apache-maven-3.5.3\bin;C:\Users\lijw\AppData\Local\Microsoft\WindowsApps;C:\Program Files\RabbitMQ Server\rabbitmq_server-3.7.6\sbin;C:\Python27;;.]
2018-08-24 09:32:07,214  INFO [localhost-startStop-1] o.a.j.s.TldScanner:log:180 - At least one JAR was scanned for TLDs yet contained no TLDs. Enable debug logging for this logger for a complete list of JARs that were scanned but no TLDs were found in them. Skipping unneeded JARs during scanning can improve startup time and JSP compilation time.
2018-08-24 09:32:07,225  INFO [localhost-startStop-1] o.a.c.c.C.[.[.[/points]:log:180 - Initializing Spring embedded WebApplicationContext
2018-08-24 09:32:07,225  INFO [localhost-startStop-1] o.s.w.c.ContextLoader:prepareWebApplicationContext:285 - Root WebApplicationContext: initialization completed in 3870 ms
2018-08-24 09:32:07,393  INFO [localhost-startStop-1] o.s.b.w.s.ServletRegistrationBean:addRegistration:186 - Servlet dispatcherServlet mapped to [/]
2018-08-24 09:32:07,395  INFO [localhost-startStop-1] o.s.b.w.s.ServletRegistrationBean:addRegistration:186 - Servlet messageDispatcherServlet mapped to [/services/*]
2018-08-24 09:32:07,398  INFO [localhost-startStop-1] o.s.b.w.s.FilterRegistrationBean:configure:245 - Mapping filter: 'characterEncodingFilter' to: [/*]
2018-08-24 09:32:07,399  INFO [localhost-startStop-1] o.s.b.w.s.FilterRegistrationBean:configure:245 - Mapping filter: 'hiddenHttpMethodFilter' to: [/*]
2018-08-24 09:32:07,399  INFO [localhost-startStop-1] o.s.b.w.s.FilterRegistrationBean:configure:245 - Mapping filter: 'httpPutFormContentFilter' to: [/*]
2018-08-24 09:32:07,399  INFO [localhost-startStop-1] o.s.b.w.s.FilterRegistrationBean:configure:245 - Mapping filter: 'requestContextFilter' to: [/*]
2018-08-24 09:32:08,592  INFO [main] o.s.w.s.h.SimpleUrlHandlerMapping:registerHandler:373 - Mapped URL path [/**/favicon.ico] onto handler of type [class org.springframework.web.servlet.resource.ResourceHttpRequestHandler]
2018-08-24 09:32:08,707  INFO [main] o.s.w.s.m.m.a.RequestMappingHandlerAdapter:initControllerAdviceCache:574 - Looking for @ControllerAdvice: org.springframework.boot.web.servlet.context.AnnotationConfigServletWebServerApplicationContext@10aa41f2: startup date [Fri Aug 24 09:32:03 CST 2018]; root of context hierarchy
2018-08-24 09:32:08,816  INFO [main] o.s.w.s.m.m.a.RequestMappingHandlerMapping:register:547 - Mapped "{[/empiricalValueItem/selectAll],methods=[GET]}" onto public java.lang.String cn.koboro.points.controller.EmpiricalValueItemController.selectAll(javax.servlet.http.HttpServletRequest,org.springframework.ui.ModelMap)
2018-08-24 09:32:08,817  INFO [main] o.s.w.s.m.m.a.RequestMappingHandlerMapping:register:547 - Mapped "{[/empiricalValueItem/updateEmpiricalValueItem],methods=[POST]}" onto public cn.koboro.points.pojo.vo.ResultVO cn.koboro.points.controller.EmpiricalValueItemController.updatePointsItem(javax.servlet.http.HttpServletRequest,java.lang.Integer[],java.lang.Integer[],java.lang.Integer[],java.lang.Integer[],java.lang.String[])
2018-08-24 09:32:08,819  INFO [main] o.s.w.s.m.m.a.RequestMappingHandlerMapping:register:547 - Mapped "{[/empiricalValueLevel/selectAll],methods=[GET]}" onto public java.lang.String cn.koboro.points.controller.EmpiricalValueLevelController.selectALL(javax.servlet.http.HttpServletRequest,org.springframework.ui.ModelMap)
2018-08-24 09:32:08,819  INFO [main] o.s.w.s.m.m.a.RequestMappingHandlerMapping:register:547 - Mapped "{[/empiricalValueLevel/updateEmpiricalValueLevel],methods=[POST]}" onto public cn.koboro.points.pojo.vo.ResultVO cn.koboro.points.controller.EmpiricalValueLevelController.updatePointsItem(javax.servlet.http.HttpServletRequest,java.lang.Integer[],java.lang.String[],java.lang.String[],java.lang.Integer[],java.lang.Integer[])
2018-08-24 09:32:08,819  INFO [main] o.s.w.s.m.m.a.RequestMappingHandlerMapping:register:547 - Mapped "{[/menu/iframe],methods=[GET]}" onto public java.lang.String cn.koboro.points.controller.MenuController.testIframe()
2018-08-24 09:32:08,821  INFO [main] o.s.w.s.m.m.a.RequestMappingHandlerMapping:register:547 - Mapped "{[/pointsItem/selectAll],methods=[GET]}" onto public java.lang.String cn.koboro.points.controller.PointsItemController.selectAll(javax.servlet.http.HttpServletRequest,org.springframework.ui.ModelMap)
2018-08-24 09:32:08,822  INFO [main] o.s.w.s.m.m.a.RequestMappingHandlerMapping:register:547 - Mapped "{[/pointsItem/updatePointsItem],methods=[POST]}" onto public cn.koboro.points.pojo.vo.ResultVO cn.koboro.points.controller.PointsItemController.updatePointsItem(javax.servlet.http.HttpServletRequest,java.lang.Integer[],java.lang.Integer[],java.lang.Integer[],java.lang.Integer[])
2018-08-24 09:32:08,824  INFO [main] o.s.w.s.m.m.a.RequestMappingHandlerMapping:register:547 - Mapped "{[/error]}" onto public org.springframework.http.ResponseEntity<java.util.Map<java.lang.String, java.lang.Object>> org.springframework.boot.autoconfigure.web.servlet.error.BasicErrorController.error(javax.servlet.http.HttpServletRequest)
2018-08-24 09:32:08,825  INFO [main] o.s.w.s.m.m.a.RequestMappingHandlerMapping:register:547 - Mapped "{[/error],produces=[text/html]}" onto public org.springframework.web.servlet.ModelAndView org.springframework.boot.autoconfigure.web.servlet.error.BasicErrorController.errorHtml(javax.servlet.http.HttpServletRequest,javax.servlet.http.HttpServletResponse)
2018-08-24 09:32:08,840  INFO [main] o.s.w.s.h.SimpleUrlHandlerMapping:registerHandler:360 - Root mapping to handler of type [class org.springframework.web.servlet.mvc.ParameterizableViewController]
2018-08-24 09:32:08,864  INFO [main] o.s.w.s.h.SimpleUrlHandlerMapping:registerHandler:373 - Mapped URL path [/webjars/**] onto handler of type [class org.springframework.web.servlet.resource.ResourceHttpRequestHandler]
2018-08-24 09:32:08,864  INFO [main] o.s.w.s.h.SimpleUrlHandlerMapping:registerHandler:373 - Mapped URL path [/**] onto handler of type [class org.springframework.web.servlet.resource.ResourceHttpRequestHandler]
2018-08-24 09:32:09,019  INFO [main] t.m.m.a.MapperCacheDisabler:removeStaticCache:60 - Clear tk.mybatis.mapper.util.MsUtil CLASS_CACHE cache.
2018-08-24 09:32:09,020  INFO [main] t.m.m.a.MapperCacheDisabler:removeStaticCache:60 - Clear tk.mybatis.mapper.genid.GenIdUtil CACHE cache.
2018-08-24 09:32:09,021  INFO [main] t.m.m.a.MapperCacheDisabler:removeStaticCache:60 - Clear tk.mybatis.mapper.version.VersionUtil CACHE cache.
2018-08-24 09:32:09,022  INFO [main] t.m.m.a.MapperCacheDisabler:removeEntityHelperCache:83 - Clear EntityHelper entityTableMap cache.
2018-08-24 09:32:09,537  INFO [main] o.s.j.e.a.AnnotationMBeanExporter:afterSingletonsInstantiated:433 - Registering beans for JMX exposure on startup
2018-08-24 09:32:09,538  INFO [main] o.s.j.e.a.AnnotationMBeanExporter:autodetect:895 - Bean with name 'dataSource' has been autodetected for JMX exposure
2018-08-24 09:32:09,544  INFO [main] o.s.j.e.a.AnnotationMBeanExporter:registerBeanInstance:668 - Located MBean 'dataSource': registering with JMX server as MBean [points:name=dataSource,type=HikariDataSource]
2018-08-24 09:32:09,554  INFO [main] o.a.c.h.Http11NioProtocol:log:180 - Starting ProtocolHandler ["http-nio-8083"]
2018-08-24 09:32:09,569  INFO [main] o.a.t.u.n.NioSelectorPool:log:180 - Using a shared selector for servlet write/read
2018-08-24 09:32:09,608  INFO [main] o.s.b.w.e.t.TomcatWebServer:start:206 - Tomcat started on port(s): 8083 (http) with context path '/points'
2018-08-24 09:32:09,611  INFO [main] c.k.p.PointsApplication:logStarted:59 - Started PointsApplication in 7.141 seconds (JVM running for 8.501)
2018-08-24 09:32:21,876  INFO [http-nio-8083-exec-1] o.a.c.c.C.[.[.[/points]:log:180 - Initializing Spring FrameworkServlet 'dispatcherServlet'
2018-08-24 09:32:21,876  INFO [http-nio-8083-exec-1] o.s.w.s.DispatcherServlet:initServletBean:494 - FrameworkServlet 'dispatcherServlet': initialization started
2018-08-24 09:32:21,907  INFO [http-nio-8083-exec-1] o.s.w.s.DispatcherServlet:initServletBean:509 - FrameworkServlet 'dispatcherServlet': initialization completed in 30 ms
2018-08-24 09:32:22,567  INFO [http-nio-8083-exec-6] c.z.h.HikariDataSource:getConnection:110 - HikariPool-1 - Starting...
2018-08-24 09:32:22,801  INFO [http-nio-8083-exec-6] c.z.h.HikariDataSource:getConnection:123 - HikariPool-1 - Start completed.
2018-08-24 09:32:22,853 DEBUG [http-nio-8083-exec-6] c.k.p.r.P.selectAll:debug:159 - ==>  Preparing: SELECT id,points_item_name,item_id,reward_period,reward_number,points_value,points_item_source,set_date FROM koboro_points_item 
2018-08-24 09:32:22,876 DEBUG [http-nio-8083-exec-6] c.k.p.r.P.selectAll:debug:159 - ==> Parameters: 
2018-08-24 09:32:22,902 DEBUG [http-nio-8083-exec-6] c.k.p.r.P.selectAll:debug:159 - <==      Total: 13
2018-08-24 09:33:33,030 DEBUG [http-nio-8083-exec-7] c.k.p.r.P.selectAll:debug:159 - ==>  Preparing: SELECT id,points_item_name,item_id,reward_period,reward_number,points_value,points_item_source,set_date FROM koboro_points_item 
2018-08-24 09:33:33,032 DEBUG [http-nio-8083-exec-7] c.k.p.r.P.selectAll:debug:159 - ==> Parameters: 
2018-08-24 09:33:33,038 DEBUG [http-nio-8083-exec-7] c.k.p.r.P.selectAll:debug:159 - <==      Total: 13
2018-08-24 09:33:35,994 DEBUG [http-nio-8083-exec-4] c.k.p.r.E.selectAll:debug:159 - ==>  Preparing: SELECT id,points_item_name,item_id,reward_period,reward_number,empirical_value,points_item_source,set_date,item_description FROM koboro_empirical_value_item 
2018-08-24 09:33:35,995 DEBUG [http-nio-8083-exec-4] c.k.p.r.E.selectAll:debug:159 - ==> Parameters: 
2018-08-24 09:33:36,002 DEBUG [http-nio-8083-exec-4] c.k.p.r.E.selectAll:debug:159 - <==      Total: 13
2018-08-24 09:33:36,940 DEBUG [http-nio-8083-exec-5] c.k.p.r.E.selectByExample:debug:159 - ==>  Preparing: SELECT id,user_level,user_title,xp_min,xp_max,set_date FROM koboro_empirical_value_level order by xp_min ASC,xp_max ASC 
2018-08-24 09:33:36,941 DEBUG [http-nio-8083-exec-5] c.k.p.r.E.selectByExample:debug:159 - ==> Parameters: 
2018-08-24 09:33:36,950 DEBUG [http-nio-8083-exec-5] c.k.p.r.E.selectByExample:debug:159 - <==      Total: 7
